TN:
SF:D:/Extra learn/Angular/angular5TrainingHW/git version/shop/src/polyfills.ts
FNF:0
FNH:0
DA:46,1
DA:60,1
LF:2
LH:2
BRF:0
BRH:0
end_of_record
TN:
SF:D:/Extra learn/Angular/angular5TrainingHW/git version/shop/src/test.ts
FN:20,(anonymous_0)
FNF:1
FNH:1
FNDA:1,(anonymous_0)
DA:3,1
DA:4,1
DA:5,1
DA:6,1
DA:7,1
DA:8,1
DA:9,1
DA:10,1
DA:20,1
DA:23,1
DA:28,1
DA:30,1
DA:32,1
LF:13
LH:13
BRF:0
BRH:0
end_of_record
TN:
SF:D:/Extra learn/Angular/angular5TrainingHW/git version/shop/src/app/app.component.ts
FN:8,(anonymous_1)
FN:3,AppComponent
FN:16,(anonymous_3)
FN:20,(anonymous_4)
FNF:4
FNH:2
FNDA:1,(anonymous_1)
FNDA:4,AppComponent
FNDA:0,(anonymous_3)
FNDA:0,(anonymous_4)
DA:1,1
DA:8,1
DA:9,4
DA:10,4
DA:11,4
DA:12,4
DA:13,4
DA:14,4
DA:16,1
DA:17,0
DA:20,1
DA:21,0
DA:23,1
LF:13
LH:11
BRF:0
BRH:0
end_of_record
TN:
SF:D:/Extra learn/Angular/angular5TrainingHW/git version/shop/src/app/+store/index.ts
FNF:0
FNH:0
DA:1,1
DA:2,1
DA:3,1
DA:4,1
DA:5,1
LF:5
LH:5
BRF:0
BRH:0
end_of_record
TN:
SF:D:/Extra learn/Angular/angular5TrainingHW/git version/shop/src/app/+store/actions/cart.actions.ts
FN:5,(anonymous_0)
FN:18,(anonymous_2)
FN:20,GetCartedItems
FN:22,(anonymous_4)
FN:24,GetCartedItemsSuccess
FN:26,(anonymous_6)
FN:28,GetCartedItemsError
FN:32,(anonymous_8)
FN:34,AddItemToCart
FN:37,(anonymous_10)
FN:39,AddItemToCartSuccess
FN:42,(anonymous_12)
FN:44,AddItemToCartError
FN:47,(anonymous_14)
FN:49,DeleteCartedItem
FN:52,(anonymous_16)
FN:54,DeleteCartedItemSuccess
FN:57,(anonymous_18)
FN:59,DeleteCartedItemError
FNF:19
FNH:10
FNDA:1,(anonymous_0)
FNDA:1,(anonymous_2)
FNDA:0,GetCartedItems
FNDA:1,(anonymous_4)
FNDA:0,GetCartedItemsSuccess
FNDA:1,(anonymous_6)
FNDA:0,GetCartedItemsError
FNDA:1,(anonymous_8)
FNDA:0,AddItemToCart
FNDA:1,(anonymous_10)
FNDA:0,AddItemToCartSuccess
FNDA:1,(anonymous_12)
FNDA:0,AddItemToCartError
FNDA:1,(anonymous_14)
FNDA:0,DeleteCartedItem
FNDA:1,(anonymous_16)
FNDA:0,DeleteCartedItemSuccess
FNDA:1,(anonymous_18)
FNDA:0,DeleteCartedItemError
DA:5,1
DA:6,1
DA:7,1
DA:8,1
DA:9,1
DA:10,1
DA:11,1
DA:12,1
DA:13,1
DA:14,1
DA:15,1
DA:18,1
DA:19,0
DA:20,0
DA:21,1
DA:22,1
DA:23,0
DA:24,0
DA:25,1
DA:26,1
DA:27,0
DA:28,0
DA:29,1
DA:32,1
DA:33,0
DA:34,0
DA:35,1
DA:37,1
DA:38,0
DA:39,0
DA:40,1
DA:42,1
DA:43,0
DA:44,0
DA:45,1
DA:47,1
DA:48,0
DA:49,0
DA:50,1
DA:52,1
DA:53,0
DA:54,0
DA:55,1
DA:57,1
DA:58,0
DA:59,0
DA:60,1
LF:47
LH:29
BRF:0
BRH:0
end_of_record
TN:
SF:D:/Extra learn/Angular/angular5TrainingHW/git version/shop/src/app/+store/actions/index.ts
FNF:0
FNH:0
DA:1,1
DA:2,1
DA:3,1
LF:3
LH:3
BRF:0
BRH:0
end_of_record
TN:
SF:D:/Extra learn/Angular/angular5TrainingHW/git version/shop/src/app/+store/actions/products.actions.ts
FN:5,(anonymous_0)
FN:17,(anonymous_2)
FN:19,GetProducts
FN:21,(anonymous_4)
FN:23,GetProductsSuccess
FN:25,(anonymous_6)
FN:27,GetProductsError
FN:30,(anonymous_8)
FN:32,GetProduct
FN:34,(anonymous_10)
FN:36,GetProductSuccess
FN:38,(anonymous_12)
FN:40,GetProductError
FN:44,(anonymous_14)
FN:46,CreateProduct
FN:48,(anonymous_16)
FN:50,CreateProductSuccess
FN:52,(anonymous_18)
FN:54,CreateProductError
FNF:19
FNH:10
FNDA:1,(anonymous_0)
FNDA:1,(anonymous_2)
FNDA:0,GetProducts
FNDA:1,(anonymous_4)
FNDA:0,GetProductsSuccess
FNDA:1,(anonymous_6)
FNDA:0,GetProductsError
FNDA:1,(anonymous_8)
FNDA:0,GetProduct
FNDA:1,(anonymous_10)
FNDA:0,GetProductSuccess
FNDA:1,(anonymous_12)
FNDA:0,GetProductError
FNDA:1,(anonymous_14)
FNDA:0,CreateProduct
FNDA:1,(anonymous_16)
FNDA:0,CreateProductSuccess
FNDA:1,(anonymous_18)
FNDA:0,CreateProductError
DA:5,1
DA:6,1
DA:7,1
DA:8,1
DA:9,1
DA:10,1
DA:11,1
DA:12,1
DA:13,1
DA:14,1
DA:15,1
DA:17,1
DA:18,0
DA:19,0
DA:20,1
DA:21,1
DA:22,0
DA:23,0
DA:24,1
DA:25,1
DA:26,0
DA:27,0
DA:28,1
DA:30,1
DA:31,0
DA:32,0
DA:33,1
DA:34,1
DA:35,0
DA:36,0
DA:37,1
DA:38,1
DA:39,0
DA:40,0
DA:41,1
DA:44,1
DA:45,0
DA:46,0
DA:47,1
DA:48,1
DA:49,0
DA:50,0
DA:51,1
DA:52,1
DA:53,0
DA:54,0
DA:55,1
LF:47
LH:29
BRF:0
BRH:0
end_of_record
TN:
SF:D:/Extra learn/Angular/angular5TrainingHW/git version/shop/src/app/+store/actions/router.actions.ts
FN:5,(anonymous_0)
FN:10,(anonymous_2)
FN:12,Go
FN:20,(anonymous_4)
FNF:4
FNH:3
FNDA:1,(anonymous_0)
FNDA:1,(anonymous_2)
FNDA:0,Go
FNDA:1,(anonymous_4)
DA:5,1
DA:6,1
DA:7,1
DA:8,1
DA:10,1
DA:11,0
DA:13,0
DA:18,1
DA:20,1
DA:21,0
DA:22,1
LF:11
LH:8
BRF:0
BRH:0
end_of_record
TN:
SF:D:/Extra learn/Angular/angular5TrainingHW/git version/shop/src/app/+store/effects/cart.effects.ts
FN:17,(anonymous_2)
FN:59,CartEffects
FN:22,(anonymous_4)
FN:25,(anonymous_5)
FN:26,(anonymous_6)
FN:34,(anonymous_7)
FN:35,(anonymous_8)
FN:38,(anonymous_9)
FN:39,(anonymous_10)
FN:47,(anonymous_11)
FN:48,(anonymous_12)
FN:51,(anonymous_13)
FN:54,(anonymous_14)
FNF:13
FNH:1
FNDA:1,(anonymous_2)
FNDA:0,CartEffects
FNDA:0,(anonymous_4)
FNDA:0,(anonymous_5)
FNDA:0,(anonymous_6)
FNDA:0,(anonymous_7)
FNDA:0,(anonymous_8)
FNDA:0,(anonymous_9)
FNDA:0,(anonymous_10)
FNDA:0,(anonymous_11)
FNDA:0,(anonymous_12)
FNDA:0,(anonymous_13)
FNDA:0,(anonymous_14)
DA:1,1
DA:5,1
DA:8,1
DA:9,1
DA:10,1
DA:12,1
DA:13,1
DA:14,1
DA:17,1
DA:19,1
DA:23,0
DA:25,0
DA:26,0
DA:31,1
DA:34,0
DA:36,0
DA:38,0
DA:39,0
DA:44,1
DA:47,0
DA:49,0
DA:52,0
DA:54,0
DA:59,0
DA:60,0
DA:61,0
DA:63,0
DA:65,1
LF:28
LH:13
BRF:0
BRH:0
end_of_record
TN:
SF:D:/Extra learn/Angular/angular5TrainingHW/git version/shop/src/app/+store/effects/index.ts
FNF:0
FNH:0
DA:1,1
DA:2,1
DA:3,1
LF:3
LH:3
BRF:0
BRH:0
end_of_record
TN:
SF:D:/Extra learn/Angular/angular5TrainingHW/git version/shop/src/app/+store/effects/products.effects.ts
FN:17,(anonymous_2)
FN:62,ProductsEffects
FN:21,(anonymous_4)
FN:23,(anonymous_5)
FN:24,(anonymous_6)
FN:31,(anonymous_7)
FN:32,(anonymous_8)
FN:34,(anonymous_9)
FN:35,(anonymous_10)
FN:42,(anonymous_11)
FN:43,(anonymous_12)
FN:45,(anonymous_13)
FN:48,(anonymous_14)
FN:57,(anonymous_15)
FNF:14
FNH:1
FNDA:1,(anonymous_2)
FNDA:0,ProductsEffects
FNDA:0,(anonymous_4)
FNDA:0,(anonymous_5)
FNDA:0,(anonymous_6)
FNDA:0,(anonymous_7)
FNDA:0,(anonymous_8)
FNDA:0,(anonymous_9)
FNDA:0,(anonymous_10)
FNDA:0,(anonymous_11)
FNDA:0,(anonymous_12)
FNDA:0,(anonymous_13)
FNDA:0,(anonymous_14)
FNDA:0,(anonymous_15)
DA:1,1
DA:2,1
DA:5,1
DA:8,1
DA:9,1
DA:11,1
DA:12,1
DA:13,1
DA:14,1
DA:17,1
DA:18,1
DA:22,0
DA:23,0
DA:24,0
DA:28,1
DA:31,0
DA:33,0
DA:34,0
DA:35,0
DA:39,1
DA:42,0
DA:44,0
DA:46,0
DA:48,0
DA:52,1
DA:57,0
DA:62,0
DA:63,0
DA:64,0
DA:65,0
DA:67,0
DA:69,1
LF:32
LH:15
BRF:0
BRH:0
end_of_record
TN:
SF:D:/Extra learn/Angular/angular5TrainingHW/git version/shop/src/app/+store/effects/router.effects.ts
FN:12,(anonymous_3)
FN:29,RouterEffects
FN:17,(anonymous_5)
FN:18,(anonymous_6)
FN:26,(anonymous_7)
FNF:5
FNH:1
FNDA:1,(anonymous_3)
FNDA:0,RouterEffects
FNDA:0,(anonymous_5)
FNDA:0,(anonymous_6)
FNDA:0,(anonymous_7)
DA:1,1
DA:2,1
DA:3,1
DA:5,1
DA:6,1
DA:9,1
DA:12,1
DA:14,1
DA:17,0
DA:18,0
DA:19,0
DA:23,1
DA:26,0
DA:29,0
DA:30,0
DA:31,0
DA:32,0
DA:34,1
LF:18
LH:10
BRF:0
BRH:0
end_of_record
TN:
SF:D:/Extra learn/Angular/angular5TrainingHW/git version/shop/src/app/+store/reducers/cart.reducer.ts
FN:5,cartReducer
FN:24,(anonymous_3)
FNF:2
FNH:0
FNDA:0,cartReducer
FNDA:0,(anonymous_3)
DA:1,1
DA:2,1
DA:5,1
DA:6,0
DA:9,0
DA:11,0
DA:13,0
DA:20,0
DA:21,0
DA:23,0
DA:25,0
DA:35,0
DA:44,0
DA:46,0
DA:55,0
DA:61,0
DA:62,0
DA:64,0
DA:71,0
DA:72,0
DA:78,0
DA:84,0
DA:85,0
DA:90,0
DA:97,0
DA:98,0
DA:104,0
DA:105,0
LF:28
LH:3
BRDA:6,0,0,0
BRDA:6,0,1,0
BRDA:12,1,0,0
BRDA:12,1,1,0
BRDA:12,1,2,0
BRDA:12,1,3,0
BRDA:12,1,4,0
BRDA:12,1,5,0
BRDA:12,1,6,0
BRDA:12,1,7,0
BRDA:12,1,8,0
BRDA:12,1,9,0
BRDA:62,2,0,0
BRDA:62,2,1,0
BRF:14
BRH:0
end_of_record
TN:
SF:D:/Extra learn/Angular/angular5TrainingHW/git version/shop/src/app/+store/reducers/index.ts
FNF:0
FNH:0
DA:1,1
DA:2,1
LF:2
LH:2
BRF:0
BRH:0
end_of_record
TN:
SF:D:/Extra learn/Angular/angular5TrainingHW/git version/shop/src/app/+store/reducers/products.reducer.ts
FN:5,productsReducer
FNF:1
FNH:0
FNDA:0,productsReducer
DA:1,1
DA:2,1
DA:5,1
DA:6,0
DA:9,0
DA:11,0
DA:14,0
DA:15,0
DA:22,0
DA:23,0
DA:25,0
DA:26,0
DA:35,0
DA:36,0
DA:37,0
DA:46,0
DA:47,0
DA:48,0
DA:57,0
DA:58,0
DA:61,0
DA:62,0
DA:63,0
DA:67,0
DA:68,0
DA:69,0
DA:76,0
DA:77,0
LF:28
LH:3
BRDA:6,0,0,0
BRDA:6,0,1,0
BRDA:12,1,0,0
BRDA:12,1,1,0
BRDA:12,1,2,0
BRDA:12,1,3,0
BRDA:12,1,4,0
BRDA:12,1,5,0
BRDA:12,1,6,0
BRDA:12,1,7,0
BRDA:12,1,8,0
BRDA:12,1,9,0
BRF:12
BRH:0
end_of_record
TN:
SF:D:/Extra learn/Angular/angular5TrainingHW/git version/shop/src/app/+store/selectors/cart.selectors.ts
FN:7,(anonymous_0)
FN:8,(anonymous_1)
FN:9,(anonymous_2)
FN:10,(anonymous_3)
FN:20,(anonymous_4)
FN:21,(anonymous_5)
FNF:6
FNH:0
FNDA:0,(anonymous_0)
FNDA:0,(anonymous_1)
FNDA:0,(anonymous_2)
FNDA:0,(anonymous_3)
FNDA:0,(anonymous_4)
FNDA:0,(anonymous_5)
DA:1,1
DA:7,1
DA:8,1
DA:9,1
DA:10,1
DA:12,1
DA:14,1
DA:15,1
DA:16,1
DA:17,1
DA:20,1
DA:21,0
LF:12
LH:11
BRF:0
BRH:0
end_of_record
TN:
SF:D:/Extra learn/Angular/angular5TrainingHW/git version/shop/src/app/+store/selectors/index.ts
FNF:0
FNH:0
DA:1,1
DA:2,1
DA:3,1
LF:3
LH:3
BRF:0
BRH:0
end_of_record
TN:
SF:D:/Extra learn/Angular/angular5TrainingHW/git version/shop/src/app/+store/selectors/products.selectors.ts
FN:14,(anonymous_0)
FN:16,(anonymous_1)
FNF:2
FNH:0
FNDA:0,(anonymous_0)
FNDA:0,(anonymous_1)
DA:1,1
DA:3,1
DA:5,1
DA:11,1
DA:13,1
DA:14,0
DA:15,1
DA:16,0
LF:8
LH:6
BRF:0
BRH:0
end_of_record
TN:
SF:D:/Extra learn/Angular/angular5TrainingHW/git version/shop/src/app/+store/selectors/router.selectors.ts
FNF:0
FNH:0
DA:1,1
DA:6,1
LF:2
LH:2
BRF:0
BRH:0
end_of_record
TN:
SF:D:/Extra learn/Angular/angular5TrainingHW/git version/shop/src/app/+store/state/app.state.ts
FNF:0
FNH:0
DA:2,1
DA:13,1
LF:2
LH:2
BRF:0
BRH:0
end_of_record
TN:
SF:D:/Extra learn/Angular/angular5TrainingHW/git version/shop/src/app/+store/state/cart.state.ts
FNF:0
FNH:0
DA:10,1
LF:1
LH:1
BRF:0
BRH:0
end_of_record
TN:
SF:D:/Extra learn/Angular/angular5TrainingHW/git version/shop/src/app/+store/state/index.ts
FNF:0
FNH:0
DA:1,1
DA:2,1
DA:3,1
DA:4,1
LF:4
LH:4
BRF:0
BRH:0
end_of_record
TN:
SF:D:/Extra learn/Angular/angular5TrainingHW/git version/shop/src/app/+store/state/products.state.ts
FNF:0
FNH:0
DA:3,1
DA:12,1
DA:15,1
LF:3
LH:3
BRF:0
BRH:0
end_of_record
TN:
SF:D:/Extra learn/Angular/angular5TrainingHW/git version/shop/src/app/+store/state/router.state.ts
FN:22,(anonymous_0)
FN:23,(anonymous_2)
FNF:2
FNH:1
FNDA:1,(anonymous_0)
FNDA:0,(anonymous_2)
DA:5,1
DA:18,1
DA:22,1
DA:23,1
DA:24,0
DA:25,0
DA:27,0
DA:28,0
DA:29,0
DA:31,0
DA:35,0
DA:37,1
DA:39,1
LF:13
LH:6
BRF:0
BRH:0
end_of_record
TN:
SF:D:/Extra learn/Angular/angular5TrainingHW/git version/shop/src/app/cart/order-by.pipe.ts
FN:7,(anonymous_1)
FN:9,(anonymous_3)
FN:25,(anonymous_4)
FN:26,(anonymous_5)
FNF:4
FNH:4
FNDA:2,(anonymous_1)
FNDA:4,(anonymous_3)
FNDA:3,(anonymous_4)
FNDA:5,(anonymous_5)
DA:1,1
DA:7,1
DA:9,1
DA:10,4
DA:12,1
DA:14,1
DA:16,1
DA:19,1
DA:21,1
DA:25,1
DA:26,3
DA:27,5
DA:29,5
DA:32,5
DA:33,5
DA:34,4
DA:35,1
DA:36,1
DA:40,5
DA:45,1
LF:20
LH:20
BRDA:11,0,0,1
BRDA:11,0,1,1
BRDA:11,0,2,1
BRDA:11,0,3,1
BRDA:28,1,0,0
BRDA:28,1,1,5
BRDA:30,2,0,0
BRDA:30,2,1,5
BRDA:33,3,0,4
BRDA:33,3,1,1
BRDA:35,4,0,1
BRDA:35,4,1,0
BRDA:41,5,0,0
BRDA:41,5,1,5
BRF:14
BRH:10
end_of_record
TN:
SF:D:/Extra learn/Angular/angular5TrainingHW/git version/shop/src/app/cart/models/cart-item.model.ts
FN:2,(anonymous_0)
FN:3,CartItem
FNF:2
FNH:2
FNDA:1,(anonymous_0)
FNDA:3,CartItem
DA:2,1
DA:4,3
DA:5,3
DA:6,3
DA:7,3
DA:9,3
DA:10,3
DA:12,1
LF:8
LH:8
BRDA:9,0,0,3
BRDA:9,0,1,0
BRDA:10,1,0,3
BRDA:10,1,1,1
BRF:4
BRH:3
end_of_record
TN:
SF:D:/Extra learn/Angular/angular5TrainingHW/git version/shop/src/app/cart/services/cart-observable.service.ts
FN:11,(anonymous_2)
FN:14,CartObservableService
FN:16,(anonymous_4)
FN:24,(anonymous_5)
FN:39,(anonymous_6)
FN:43,(anonymous_7)
FN:47,(anonymous_8)
FN:52,(anonymous_9)
FNF:8
FNH:1
FNDA:1,(anonymous_2)
FNDA:0,CartObservableService
FNDA:0,(anonymous_4)
FNDA:0,(anonymous_5)
FNDA:0,(anonymous_6)
FNDA:0,(anonymous_7)
FNDA:0,(anonymous_8)
FNDA:0,(anonymous_9)
DA:1,1
DA:2,1
DA:5,1
DA:6,1
DA:11,1
DA:12,0
DA:14,0
DA:16,1
DA:17,0
DA:24,1
DA:25,0
DA:26,0
DA:27,0
DA:28,0
DA:31,0
DA:39,1
DA:40,0
DA:41,0
DA:43,0
DA:47,1
DA:48,0
DA:49,0
DA:52,1
DA:55,0
DA:56,0
DA:58,0
DA:60,0
DA:62,0
DA:63,0
DA:65,1
LF:30
LH:11
BRDA:49,0,0,0
BRDA:49,0,1,0
BRDA:55,1,0,0
BRDA:55,1,1,0
BRF:4
BRH:0
end_of_record
TN:
SF:D:/Extra learn/Angular/angular5TrainingHW/git version/shop/src/app/cart/services/cart.service.ts
FN:6,(anonymous_2)
FN:16,CartService
FN:22,(anonymous_4)
FN:26,(anonymous_5)
FN:31,(anonymous_6)
FN:38,(anonymous_7)
FN:45,(anonymous_8)
FN:51,(anonymous_9)
FN:58,(anonymous_10)
FN:59,(anonymous_11)
FN:67,(anonymous_12)
FN:76,(anonymous_13)
FN:79,(anonymous_14)
FN:88,(anonymous_15)
FN:90,(anonymous_16)
FN:106,(anonymous_17)
FN:108,(anonymous_18)
FNF:17
FNH:1
FNDA:1,(anonymous_2)
FNDA:0,CartService
FNDA:0,(anonymous_4)
FNDA:0,(anonymous_5)
FNDA:0,(anonymous_6)
FNDA:0,(anonymous_7)
FNDA:0,(anonymous_8)
FNDA:0,(anonymous_9)
FNDA:0,(anonymous_10)
FNDA:0,(anonymous_11)
FNDA:0,(anonymous_12)
FNDA:0,(anonymous_13)
FNDA:0,(anonymous_14)
FNDA:0,(anonymous_15)
FNDA:0,(anonymous_16)
FNDA:0,(anonymous_17)
FNDA:0,(anonymous_18)
DA:1,1
DA:2,1
DA:3,1
DA:6,1
DA:12,0
DA:14,0
DA:18,0
DA:19,0
DA:22,1
DA:23,0
DA:26,1
DA:27,0
DA:28,0
DA:29,0
DA:31,1
DA:32,0
DA:33,0
DA:34,0
DA:38,1
DA:39,0
DA:40,0
DA:41,0
DA:45,1
DA:46,0
DA:47,0
DA:51,1
DA:52,0
DA:53,0
DA:58,1
DA:59,0
DA:60,0
DA:61,0
DA:64,0
DA:67,1
DA:68,0
DA:69,0
DA:76,1
DA:77,0
DA:78,0
DA:79,0
DA:80,0
DA:81,0
DA:83,0
DA:84,0
DA:88,1
DA:89,0
DA:90,0
DA:92,0
DA:93,0
DA:94,0
DA:100,0
DA:106,1
DA:108,0
DA:109,0
DA:110,0
DA:113,0
DA:115,1
LF:57
LH:16
BRDA:60,0,0,0
BRDA:60,0,1,0
BRDA:61,1,0,0
BRDA:61,1,1,0
BRDA:88,2,0,0
BRDA:88,2,1,0
BRDA:92,3,0,0
BRDA:92,3,1,0
BRDA:101,4,0,0
BRDA:101,4,1,0
BRDA:109,5,0,0
BRDA:109,5,1,0
BRF:12
BRH:0
end_of_record
TN:
SF:D:/Extra learn/Angular/angular5TrainingHW/git version/shop/src/app/cart/services/index.ts
FNF:0
FNH:0
DA:1,1
DA:2,1
LF:2
LH:2
BRF:0
BRH:0
end_of_record
TN:
SF:D:/Extra learn/Angular/angular5TrainingHW/git version/shop/src/app/components/index.ts
FNF:0
FNH:0
DA:1,1
DA:2,1
LF:2
LH:2
BRF:0
BRH:0
end_of_record
TN:
SF:D:/Extra learn/Angular/angular5TrainingHW/git version/shop/src/app/components/feedback/feedback.component.ts
FN:9,(anonymous_2)
FN:15,FeedbackComponent
FN:17,(anonymous_4)
FN:20,(anonymous_5)
FN:28,(anonymous_6)
FN:32,(anonymous_7)
FNF:6
FNH:4
FNDA:1,(anonymous_2)
FNDA:3,FeedbackComponent
FNDA:3,(anonymous_4)
FNDA:1,(anonymous_5)
FNDA:0,(anonymous_6)
FNDA:0,(anonymous_7)
DA:1,1
DA:2,1
DA:9,1
DA:13,1
DA:15,3
DA:17,1
DA:20,1
DA:21,1
DA:22,1
DA:23,1
DA:24,1
DA:25,1
DA:28,1
DA:29,0
DA:32,1
DA:33,0
DA:34,0
DA:36,1
LF:18
LH:15
BRF:0
BRH:0
end_of_record
TN:
SF:D:/Extra learn/Angular/angular5TrainingHW/git version/shop/src/app/components/page-not-found/page-not-found.component.ts
FN:8,(anonymous_2)
FN:10,PageNotFoundComponent
FN:12,(anonymous_4)
FNF:3
FNH:1
FNDA:1,(anonymous_2)
FNDA:0,PageNotFoundComponent
FNDA:0,(anonymous_4)
DA:1,1
DA:8,1
DA:12,1
DA:15,1
LF:4
LH:4
BRF:0
BRH:0
end_of_record
TN:
SF:D:/Extra learn/Angular/angular5TrainingHW/git version/shop/src/app/core/services/app-settings.service.ts
FN:6,(anonymous_2)
FN:10,AppSetingsService
FN:12,(anonymous_4)
FN:15,(anonymous_5)
FNF:4
FNH:1
FNDA:1,(anonymous_2)
FNDA:0,AppSetingsService
FNDA:0,(anonymous_4)
FNDA:0,(anonymous_5)
DA:1,1
DA:2,1
DA:3,1
DA:6,1
DA:8,0
DA:10,0
DA:12,1
DA:13,0
DA:14,0
DA:15,0
DA:16,0
DA:19,0
DA:22,1
LF:13
LH:6
BRDA:14,0,0,0
BRDA:14,0,1,0
BRF:2
BRH:0
end_of_record
TN:
SF:D:/Extra learn/Angular/angular5TrainingHW/git version/shop/src/app/core/services/auth.service.ts
FN:8,(anonymous_1)
FN:7,AuthService
FN:14,(anonymous_3)
FN:17,(anonymous_4)
FN:23,(anonymous_5)
FN:27,(anonymous_6)
FNF:6
FNH:1
FNDA:1,(anonymous_1)
FNDA:0,AuthService
FNDA:0,(anonymous_3)
FNDA:0,(anonymous_4)
FNDA:0,(anonymous_5)
FNDA:0,(anonymous_6)
DA:1,1
DA:4,1
DA:5,1
DA:8,1
DA:9,0
DA:14,1
DA:15,0
DA:18,0
DA:23,1
DA:24,0
DA:27,1
DA:28,0
DA:30,1
LF:13
LH:8
BRDA:28,0,0,0
BRDA:28,0,1,0
BRF:2
BRH:0
end_of_record
TN:
SF:D:/Extra learn/Angular/angular5TrainingHW/git version/shop/src/app/core/services/feedback.service.ts
FN:7,(anonymous_2)
FN:10,FeedbackService
FN:12,(anonymous_4)
FN:16,(anonymous_5)
FNF:4
FNH:1
FNDA:1,(anonymous_2)
FNDA:0,FeedbackService
FNDA:0,(anonymous_4)
FNDA:0,(anonymous_5)
DA:1,1
DA:2,1
DA:4,1
DA:7,1
DA:10,0
DA:12,1
DA:13,0
DA:16,1
DA:17,0
DA:18,0
DA:20,1
LF:11
LH:7
BRF:0
BRH:0
end_of_record
TN:
SF:D:/Extra learn/Angular/angular5TrainingHW/git version/shop/src/app/core/services/index.ts
FNF:0
FNH:0
DA:1,1
DA:2,1
DA:3,1
LF:3
LH:3
BRF:0
BRH:0
end_of_record
TN:
SF:D:/Extra learn/Angular/angular5TrainingHW/git version/shop/src/app/core/services/local-storage.service.ts
FN:4,(anonymous_2)
FN:6,LocalStorageService
FN:8,(anonymous_4)
FN:12,(anonymous_5)
FN:16,(anonymous_6)
FNF:5
FNH:1
FNDA:1,(anonymous_2)
FNDA:0,LocalStorageService
FNDA:0,(anonymous_4)
FNDA:0,(anonymous_5)
FNDA:0,(anonymous_6)
DA:1,1
DA:4,1
DA:8,1
DA:9,0
DA:12,1
DA:13,0
DA:16,1
DA:17,0
DA:19,1
LF:9
LH:6
BRF:0
BRH:0
end_of_record
TN:
SF:D:/Extra learn/Angular/angular5TrainingHW/git version/shop/src/app/products/index.ts
FNF:0
FNH:0
DA:1,1
DA:3,1
DA:4,1
DA:5,1
LF:4
LH:4
BRF:0
BRH:0
end_of_record
TN:
SF:D:/Extra learn/Angular/angular5TrainingHW/git version/shop/src/app/products/model/category.model.ts
FN:1,(anonymous_0)
FNF:1
FNH:1
FNDA:1,(anonymous_0)
DA:1,1
DA:2,1
DA:3,1
DA:4,1
DA:5,1
LF:5
LH:5
BRDA:1,0,0,1
BRDA:1,0,1,1
BRF:2
BRH:2
end_of_record
TN:
SF:D:/Extra learn/Angular/angular5TrainingHW/git version/shop/src/app/products/model/product.model.ts
FN:3,(anonymous_0)
FN:4,Product
FNF:2
FNH:2
FNDA:1,(anonymous_0)
FNDA:5,Product
DA:1,1
DA:3,1
DA:5,5
DA:6,5
DA:7,5
DA:8,5
DA:9,5
DA:10,5
DA:11,5
DA:12,5
DA:14,5
DA:15,5
DA:16,5
DA:18,1
LF:14
LH:14
BRDA:14,0,0,5
BRDA:14,0,1,2
BRDA:15,1,0,5
BRDA:15,1,1,4
BRDA:16,2,0,5
BRDA:16,2,1,4
BRF:6
BRH:6
end_of_record
TN:
SF:D:/Extra learn/Angular/angular5TrainingHW/git version/shop/src/app/products/product/product.component.ts
FN:11,(anonymous_2)
FN:18,ProductComponent
FN:20,(anonymous_4)
FN:22,(anonymous_5)
FN:26,(anonymous_6)
FNF:5
FNH:5
FNDA:1,(anonymous_2)
FNDA:4,ProductComponent
FNDA:4,(anonymous_4)
FNDA:1,(anonymous_5)
FNDA:1,(anonymous_6)
DA:1,1
DA:3,1
DA:11,1
DA:12,1
DA:14,5
DA:16,5
DA:20,1
DA:22,1
DA:23,1
DA:26,1
DA:27,1
DA:29,1
LF:12
LH:12
BRF:0
BRH:0
end_of_record
TN:
SF:D:/Extra learn/Angular/angular5TrainingHW/git version/shop/src/app/products/product-form/product-form.component.ts
FN:21,(anonymous_3)
FN:26,ProductFormComponent
FN:33,(anonymous_5)
FN:36,(anonymous_6)
FN:38,(anonymous_7)
FN:47,(anonymous_8)
FN:58,(anonymous_9)
FN:62,(anonymous_10)
FNF:8
FNH:1
FNDA:1,(anonymous_3)
FNDA:0,ProductFormComponent
FNDA:0,(anonymous_5)
FNDA:0,(anonymous_6)
FNDA:0,(anonymous_7)
FNDA:0,(anonymous_8)
FNDA:0,(anonymous_9)
FNDA:0,(anonymous_10)
DA:1,1
DA:2,1
DA:7,1
DA:9,1
DA:11,1
DA:12,1
DA:13,1
DA:14,1
DA:15,1
DA:21,1
DA:27,0
DA:28,0
DA:29,0
DA:30,0
DA:33,1
DA:34,0
DA:35,0
DA:36,0
DA:38,0
DA:39,0
DA:40,0
DA:41,0
DA:47,1
DA:48,0
DA:49,0
DA:50,0
DA:51,0
DA:53,0
DA:55,0
DA:58,1
DA:59,0
DA:62,1
DA:63,0
DA:64,0
DA:67,1
LF:35
LH:15
BRDA:40,0,0,0
BRDA:40,0,1,0
BRDA:50,1,0,0
BRDA:50,1,1,0
BRDA:63,2,0,0
BRDA:63,2,1,0
BRF:6
BRH:0
end_of_record
TN:
SF:D:/Extra learn/Angular/angular5TrainingHW/git version/shop/src/app/products/product-list/product-list.component.ts
FN:20,(anonymous_2)
FN:29,ProductListComponent
FN:33,(anonymous_4)
FN:41,(anonymous_5)
FN:49,(anonymous_6)
FN:54,(anonymous_7)
FN:55,(anonymous_8)
FN:56,(anonymous_9)
FN:62,(anonymous_10)
FNF:9
FNH:1
FNDA:1,(anonymous_2)
FNDA:0,ProductListComponent
FNDA:0,(anonymous_4)
FNDA:0,(anonymous_5)
FNDA:0,(anonymous_6)
FNDA:0,(anonymous_7)
FNDA:0,(anonymous_8)
FNDA:0,(anonymous_9)
FNDA:0,(anonymous_10)
DA:1,1
DA:4,1
DA:7,1
DA:10,1
DA:11,1
DA:12,1
DA:13,1
DA:14,1
DA:20,1
DA:27,0
DA:30,0
DA:33,1
DA:34,0
DA:35,0
DA:37,0
DA:38,0
DA:41,1
DA:42,0
DA:44,0
DA:49,1
DA:50,0
DA:54,1
DA:55,0
DA:56,0
DA:57,0
DA:62,1
DA:63,0
DA:64,0
DA:66,1
LF:29
LH:15
BRF:0
BRH:0
end_of_record
TN:
SF:D:/Extra learn/Angular/angular5TrainingHW/git version/shop/src/app/products/services/index.ts
FNF:0
FNH:0
DA:1,1
DA:2,1
LF:2
LH:2
BRF:0
BRH:0
end_of_record
TN:
SF:D:/Extra learn/Angular/angular5TrainingHW/git version/shop/src/app/products/services/product-array.service.ts
FN:14,(anonymous_2)
FN:16,ProductArrayService
FN:18,(anonymous_4)
FN:22,(anonymous_5)
FN:24,(anonymous_6)
FN:25,(anonymous_7)
FN:26,(anonymous_8)
FN:28,(anonymous_9)
FN:31,(anonymous_10)
FN:32,(anonymous_11)
FN:38,(anonymous_12)
FNF:11
FNH:7
FNDA:1,(anonymous_2)
FNDA:2,ProductArrayService
FNDA:2,(anonymous_4)
FNDA:1,(anonymous_5)
FNDA:1,(anonymous_6)
FNDA:1,(anonymous_7)
FNDA:1,(anonymous_8)
FNDA:0,(anonymous_9)
FNDA:0,(anonymous_10)
FNDA:0,(anonymous_11)
FNDA:0,(anonymous_12)
DA:1,1
DA:2,1
DA:3,1
DA:5,1
DA:11,1
DA:14,1
DA:18,1
DA:19,2
DA:22,1
DA:23,1
DA:25,1
DA:26,1
DA:28,0
DA:31,1
DA:32,0
DA:33,0
DA:34,0
DA:38,1
DA:39,0
DA:41,1
LF:20
LH:15
BRDA:33,0,0,0
BRDA:33,0,1,0
BRF:2
BRH:0
end_of_record
TN:
SF:D:/Extra learn/Angular/angular5TrainingHW/git version/shop/src/app/products/services/product-promise.service.ts
FN:10,(anonymous_2)
FN:13,ProductPromiseService
FN:15,(anonymous_4)
FN:18,(anonymous_5)
FN:22,(anonymous_6)
FN:25,(anonymous_7)
FN:29,(anonymous_8)
FN:37,(anonymous_9)
FN:41,(anonymous_10)
FNF:9
FNH:1
FNDA:1,(anonymous_2)
FNDA:0,ProductPromiseService
FNDA:0,(anonymous_4)
FNDA:0,(anonymous_5)
FNDA:0,(anonymous_6)
FNDA:0,(anonymous_7)
FNDA:0,(anonymous_8)
FNDA:0,(anonymous_9)
FNDA:0,(anonymous_10)
DA:1,1
DA:2,1
DA:10,1
DA:11,0
DA:13,0
DA:15,1
DA:16,0
DA:18,0
DA:22,1
DA:23,0
DA:25,0
DA:29,1
DA:30,0
DA:31,0
DA:35,0
DA:37,0
DA:41,1
DA:42,0
DA:43,0
DA:45,1
LF:20
LH:8
BRDA:43,0,0,0
BRDA:43,0,1,0
BRF:2
BRH:0
end_of_record
TN:
SF:D:/Extra learn/Angular/angular5TrainingHW/git version/shop/src/app/testing-stubs/index.ts
FNF:0
FNH:0
DA:1,1
DA:2,1
LF:2
LH:2
BRF:0
BRH:0
end_of_record
TN:
SF:D:/Extra learn/Angular/angular5TrainingHW/git version/shop/src/app/testing-stubs/router-link-stub.directive.ts
FN:11,(anonymous_2)
FN:3,RouterLinkStubDirective
FN:16,(anonymous_4)
FNF:3
FNH:3
FNDA:1,(anonymous_2)
FNDA:10,RouterLinkStubDirective
FNDA:5,(anonymous_4)
DA:1,1
DA:11,1
DA:13,1
DA:14,10
DA:16,1
DA:17,5
DA:19,1
LF:7
LH:7
BRF:0
BRH:0
end_of_record
TN:
SF:D:/Extra learn/Angular/angular5TrainingHW/git version/shop/src/app/testing-stubs/router-outlet-stub.component.ts
FN:5,(anonymous_1)
FNF:1
FNH:1
FNDA:3,(anonymous_1)
DA:1,1
DA:5,1
LF:2
LH:2
BRF:0
BRH:0
end_of_record
